TN:
SF:src\config\index.ts
FNF:0
FNH:0
DA:1,1
LF:1
LH:1
BRDA:2,0,0,1
BRDA:2,0,1,1
BRDA:3,1,0,1
BRDA:3,1,1,1
BRDA:5,2,0,1
BRDA:5,2,1,1
BRDA:6,3,0,1
BRDA:6,3,1,1
BRDA:7,4,0,1
BRDA:7,4,1,1
BRF:10
BRH:10
end_of_record
TN:
SF:src\controllers\sensorController.ts
FN:7,(anonymous_1)
FN:23,(anonymous_2)
FN:41,(anonymous_3)
FN:51,(anonymous_4)
FNF:4
FNH:4
FNDA:5,(anonymous_1)
FNDA:5,(anonymous_2)
FNDA:4,(anonymous_3)
FNDA:5,(anonymous_4)
DA:2,2
DA:8,5
DA:9,5
DA:10,5
DA:12,4
DA:13,4
DA:15,0
DA:18,1
DA:24,5
DA:25,5
DA:27,5
DA:34,4
DA:36,1
DA:42,4
DA:43,4
DA:44,3
DA:46,1
DA:52,5
DA:53,5
DA:54,4
DA:56,1
DA:62,2
LF:22
LH:21
BRDA:12,0,0,4
BRDA:12,0,1,0
BRDA:25,1,0,3
BRDA:29,2,0,0
BRDA:29,2,1,5
BRDA:30,3,0,0
BRDA:30,3,1,5
BRF:7
BRH:4
end_of_record
TN:
SF:src\middleware\errorHandler.ts
FN:3,(anonymous_0)
FN:17,(anonymous_1)
FN:17,(anonymous_2)
FNF:3
FNH:3
FNDA:4,(anonymous_0)
FNDA:6,(anonymous_1)
FNDA:11,(anonymous_2)
DA:3,2
DA:4,4
DA:6,4
DA:7,4
DA:9,4
DA:17,6
DA:18,11
LF:7
LH:7
BRDA:6,0,0,4
BRDA:6,0,1,3
BRDA:7,1,0,4
BRDA:7,1,1,1
BRDA:12,2,0,4
BRDA:12,2,1,0
BRF:6
BRH:5
end_of_record
TN:
SF:src\models\sensorData.ts
FNF:0
FNH:0
DA:1,4
DA:14,4
DA:45,4
LF:3
LH:3
BRF:0
BRH:0
end_of_record
TN:
SF:src\services\mqttService.ts
FN:15,(anonymous_1)
FN:20,(anonymous_2)
FN:32,(anonymous_3)
FN:34,(anonymous_4)
FN:43,(anonymous_5)
FN:47,(anonymous_6)
FN:51,(anonymous_7)
FN:61,(anonymous_8)
FN:75,(anonymous_9)
FN:77,(anonymous_10)
FN:86,(anonymous_11)
FNF:11
FNH:6
FNDA:2,(anonymous_1)
FNDA:5,(anonymous_2)
FNDA:0,(anonymous_3)
FNDA:0,(anonymous_4)
FNDA:2,(anonymous_5)
FNDA:0,(anonymous_6)
FNDA:0,(anonymous_7)
FNDA:2,(anonymous_8)
FNDA:1,(anonymous_9)
FNDA:0,(anonymous_10)
FNDA:1,(anonymous_11)
DA:1,2
DA:3,2
DA:6,2
DA:16,2
DA:17,2
DA:21,5
DA:23,5
DA:24,5
DA:32,5
DA:33,0
DA:34,0
DA:35,0
DA:36,0
DA:38,0
DA:43,5
DA:44,2
DA:47,5
DA:48,0
DA:51,5
DA:52,0
DA:56,0
DA:62,2
DA:63,2
DA:64,1
DA:67,1
DA:68,1
DA:70,1
DA:76,1
DA:77,1
DA:78,0
DA:79,0
DA:87,1
DA:88,1
DA:89,1
DA:95,2
LF:35
LH:25
BRDA:7,0,0,2
BRDA:7,0,1,2
BRDA:8,1,0,2
BRDA:8,1,1,2
BRDA:10,2,0,2
BRDA:10,2,1,2
BRDA:11,3,0,2
BRDA:11,3,1,2
BRDA:35,4,0,0
BRDA:35,4,1,0
BRDA:67,5,0,1
BRDA:67,5,1,0
BRDA:70,6,0,1
BRDA:70,6,1,0
BRDA:76,7,0,1
BRDA:76,7,1,0
BRDA:76,8,0,1
BRDA:76,8,1,1
BRDA:78,9,0,0
BRDA:78,9,1,0
BRDA:87,10,0,1
BRDA:87,10,1,0
BRF:22
BRH:14
end_of_record
TN:
SF:src\services\sensorService.ts
FN:15,(anonymous_1)
FN:43,(anonymous_2)
FN:61,(anonymous_3)
FN:88,(anonymous_4)
FN:95,(anonymous_5)
FN:107,(anonymous_6)
FNF:6
FNH:6
FNDA:6,(anonymous_1)
FNDA:4,(anonymous_2)
FNDA:4,(anonymous_3)
FNDA:3,(anonymous_4)
FNDA:6,(anonymous_5)
FNDA:6,(anonymous_6)
DA:1,4
DA:16,6
DA:17,0
DA:20,6
DA:22,6
DA:30,6
DA:33,6
DA:34,6
DA:37,6
DA:44,4
DA:45,4
DA:46,2
DA:48,4
DA:62,4
DA:63,4
DA:64,2
DA:66,4
DA:67,0
DA:68,0
DA:69,0
DA:72,4
DA:89,3
DA:96,6
DA:108,6
DA:109,2
DA:110,4
DA:111,2
DA:113,2
DA:117,4
LF:29
LH:25
BRDA:16,0,0,0
BRDA:16,0,1,6
BRDA:24,1,0,6
BRDA:24,1,1,0
BRDA:33,2,0,6
BRDA:33,2,1,0
BRDA:45,3,0,2
BRDA:45,3,1,2
BRDA:61,4,0,0
BRDA:63,5,0,2
BRDA:63,5,1,2
BRDA:66,6,0,0
BRDA:66,6,1,4
BRDA:66,7,0,4
BRDA:66,7,1,4
BRDA:68,8,0,0
BRDA:68,8,1,0
BRDA:69,9,0,0
BRDA:69,9,1,0
BRDA:97,10,0,6
BRDA:97,10,1,6
BRDA:97,10,2,6
BRDA:97,10,3,6
BRDA:108,11,0,2
BRDA:108,11,1,4
BRDA:110,12,0,2
BRDA:110,12,1,2
BRF:27
BRH:18
end_of_record
